<?xml version="1.0" encoding="UTF-8"?>
<!-- Generated by org.testng.reporters.JUnitXMLReporter -->
<testsuite ignored="2" hostname="LAPTOP-5SMNA8RP" failures="0" tests="1" name="edge-test" time="9.499" errors="0" timestamp="2025-02-13T00:09:38 IST">
  <testcase classname="testscripts.CategoryTest" name="verifyAddCategorywithValidData" time="2.162"/>
  <testcase classname="testscripts.CategoryTest" name="verifySearchCategoryButton" time="0.0">
    <ignored/>
  </testcase> <!-- verifySearchCategoryButton -->
  <testcase classname="testscripts.CategoryTest" name="deletecategory" time="0.0">
    <ignored/>
  </testcase> <!-- deletecategory -->
</testsuite> <!-- edge-test -->
