<?xml version="1.0" encoding="UTF-8"?>
<testng-results ignored="0" total="5" passed="5" failed="0" skipped="0">
  <reporter-output>
  </reporter-output>
  <suite started-at="2025-02-18T23:28:25 IST" name="myTestSuite" finished-at="2025-02-18T23:28:56 IST" duration-ms="31173">
    <groups>
    </groups>
    <test started-at="2025-02-18T23:28:25 IST" name="myTest" finished-at="2025-02-18T23:28:56 IST" duration-ms="31173">
      <class name="testscripts.ManageContactTest">
        <test-method is-config="true" signature="initialisebrowser(java.lang.String)[pri:0, instance:testscripts.ManageContactTest@3bd82cf5]" started-at="2025-02-18T23:28:47 IST" name="initialisebrowser" finished-at="2025-02-18T23:28:51 IST" duration-ms="3726" status="PASS">
          <params>
            <param index="0">
              <value>
                <![CDATA[Chrome]]>
              </value>
            </param>
          </params>
          <reporter-output>
          </reporter-output>
        </test-method> <!-- initialisebrowser -->
        <test-method signature="verifyeditManageContact()[pri:0, instance:testscripts.ManageContactTest@3bd82cf5]" started-at="2025-02-18T23:28:51 IST" name="verifyeditManageContact" finished-at="2025-02-18T23:28:56 IST" duration-ms="5519" status="PASS">
          <reporter-output>
          </reporter-output>
        </test-method> <!-- verifyeditManageContact -->
        <test-method is-config="true" signature="driverQuit(org.testng.ITestResult)[pri:0, instance:testscripts.ManageContactTest@3bd82cf5]" started-at="2025-02-18T23:28:56 IST" name="driverQuit" finished-at="2025-02-18T23:28:56 IST" duration-ms="0" status="PASS">
          <params>
            <param index="0">
              <value>
                <![CDATA[[TestResult name=verifyeditManageContact status=SUCCESS method=ManageContactTest.verifyeditManageContact()[pri:0, instance:testscripts.ManageContactTest@3bd82cf5] output={null}]]]>
              </value>
            </param>
          </params>
          <reporter-output>
          </reporter-output>
        </test-method> <!-- driverQuit -->
      </class> <!-- testscripts.ManageContactTest -->
      <class name="testscripts.CategoryTest">
        <test-method is-config="true" signature="initialisebrowser(java.lang.String)[pri:0, instance:testscripts.CategoryTest@74e52ef6]" started-at="2025-02-18T23:28:25 IST" name="initialisebrowser" finished-at="2025-02-18T23:28:28 IST" duration-ms="3203" status="PASS">
          <params>
            <param index="0">
              <value>
                <![CDATA[Chrome]]>
              </value>
            </param>
          </params>
          <reporter-output>
          </reporter-output>
        </test-method> <!-- initialisebrowser -->
        <test-method signature="verifyAddCategorywithValidData()[pri:0, instance:testscripts.CategoryTest@74e52ef6]" started-at="2025-02-18T23:28:28 IST" name="verifyAddCategorywithValidData" finished-at="2025-02-18T23:28:31 IST" duration-ms="2716" status="PASS">
          <reporter-output>
          </reporter-output>
        </test-method> <!-- verifyAddCategorywithValidData -->
        <test-method is-config="true" signature="driverQuit(org.testng.ITestResult)[pri:0, instance:testscripts.CategoryTest@74e52ef6]" started-at="2025-02-18T23:28:31 IST" name="driverQuit" finished-at="2025-02-18T23:28:31 IST" duration-ms="6" status="PASS">
          <params>
            <param index="0">
              <value>
                <![CDATA[[TestResult name=verifyAddCategorywithValidData status=SUCCESS method=CategoryTest.verifyAddCategorywithValidData()[pri:0, instance:testscripts.CategoryTest@74e52ef6] output={null}]]]>
              </value>
            </param>
          </params>
          <reporter-output>
          </reporter-output>
        </test-method> <!-- driverQuit -->
        <test-method is-config="true" signature="initialisebrowser(java.lang.String)[pri:0, instance:testscripts.CategoryTest@74e52ef6]" started-at="2025-02-18T23:28:31 IST" name="initialisebrowser" finished-at="2025-02-18T23:28:33 IST" duration-ms="2373" status="PASS">
          <params>
            <param index="0">
              <value>
                <![CDATA[Chrome]]>
              </value>
            </param>
          </params>
          <reporter-output>
          </reporter-output>
        </test-method> <!-- initialisebrowser -->
        <test-method signature="verifyUsercanSearchNonExistingCategory()[pri:0, instance:testscripts.CategoryTest@74e52ef6]" started-at="2025-02-18T23:28:33 IST" name="verifyUsercanSearchNonExistingCategory" finished-at="2025-02-18T23:28:35 IST" duration-ms="2079" status="PASS">
          <reporter-output>
          </reporter-output>
        </test-method> <!-- verifyUsercanSearchNonExistingCategory -->
        <test-method is-config="true" signature="driverQuit(org.testng.ITestResult)[pri:0, instance:testscripts.CategoryTest@74e52ef6]" started-at="2025-02-18T23:28:35 IST" name="driverQuit" finished-at="2025-02-18T23:28:35 IST" duration-ms="0" status="PASS">
          <params>
            <param index="0">
              <value>
                <![CDATA[[TestResult name=verifyUsercanSearchNonExistingCategory status=SUCCESS method=CategoryTest.verifyUsercanSearchNonExistingCategory()[pri:0, instance:testscripts.CategoryTest@74e52ef6] output={null}]]]>
              </value>
            </param>
          </params>
          <reporter-output>
          </reporter-output>
        </test-method> <!-- driverQuit -->
        <test-method is-config="true" signature="initialisebrowser(java.lang.String)[pri:0, instance:testscripts.CategoryTest@74e52ef6]" started-at="2025-02-18T23:28:35 IST" name="initialisebrowser" finished-at="2025-02-18T23:28:38 IST" duration-ms="2395" status="PASS">
          <params>
            <param index="0">
              <value>
                <![CDATA[Chrome]]>
              </value>
            </param>
          </params>
          <reporter-output>
          </reporter-output>
        </test-method> <!-- initialisebrowser -->
        <test-method signature="verifydeletecategory()[pri:0, instance:testscripts.CategoryTest@74e52ef6]" started-at="2025-02-18T23:28:38 IST" name="verifydeletecategory" finished-at="2025-02-18T23:28:40 IST" duration-ms="2538" status="PASS">
          <reporter-output>
          </reporter-output>
        </test-method> <!-- verifydeletecategory -->
        <test-method is-config="true" signature="initialisebrowser(java.lang.String)[pri:0, instance:testscripts.CategoryTest@74e52ef6]" started-at="2025-02-18T23:28:40 IST" name="initialisebrowser" finished-at="2025-02-18T23:28:44 IST" duration-ms="3266" status="PASS">
          <params>
            <param index="0">
              <value>
                <![CDATA[Chrome]]>
              </value>
            </param>
          </params>
          <reporter-output>
          </reporter-output>
        </test-method> <!-- initialisebrowser -->
        <test-method is-config="true" signature="driverQuit(org.testng.ITestResult)[pri:0, instance:testscripts.CategoryTest@74e52ef6]" started-at="2025-02-18T23:28:40 IST" name="driverQuit" finished-at="2025-02-18T23:28:40 IST" duration-ms="0" status="PASS">
          <params>
            <param index="0">
              <value>
                <![CDATA[[TestResult name=verifydeletecategory status=SUCCESS method=CategoryTest.verifydeletecategory()[pri:0, instance:testscripts.CategoryTest@74e52ef6] output={null}]]]>
              </value>
            </param>
          </params>
          <reporter-output>
          </reporter-output>
        </test-method> <!-- driverQuit -->
        <test-method signature="verifyStatusButton()[pri:0, instance:testscripts.CategoryTest@74e52ef6]" started-at="2025-02-18T23:28:44 IST" name="verifyStatusButton" finished-at="2025-02-18T23:28:47 IST" duration-ms="3275" status="PASS">
          <reporter-output>
          </reporter-output>
        </test-method> <!-- verifyStatusButton -->
        <test-method is-config="true" signature="driverQuit(org.testng.ITestResult)[pri:0, instance:testscripts.CategoryTest@74e52ef6]" started-at="2025-02-18T23:28:47 IST" name="driverQuit" finished-at="2025-02-18T23:28:47 IST" duration-ms="4" status="PASS">
          <params>
            <param index="0">
              <value>
                <![CDATA[[TestResult name=verifyStatusButton status=SUCCESS method=CategoryTest.verifyStatusButton()[pri:0, instance:testscripts.CategoryTest@74e52ef6] output={null}]]]>
              </value>
            </param>
          </params>
          <reporter-output>
          </reporter-output>
        </test-method> <!-- driverQuit -->
      </class> <!-- testscripts.CategoryTest -->
    </test> <!-- myTest -->
  </suite> <!-- myTestSuite -->
</testng-results>
