<?xml version="1.0" encoding="UTF-8"?>
<!-- Generated by org.testng.reporters.JUnitXMLReporter -->
<testsuite ignored="0" hostname="LAPTOP-5SMNA8RP" failures="0" tests="16" name="myTest" time="291.263" errors="0" timestamp="2025-02-19T15:12:02 IST">
  <testcase classname="testscripts.LoginTest" name="verifyUserLoginWithInvalidUsernameAndInvalidPassword" time="2.132"/>
  <testcase classname="testscripts.LoginTest" name="verifyUserLoginWithInvalidUsernameAndInvalidPassword" time="1.89"/>
  <testcase classname="testscripts.LoginTest" name="verifyUserLoginWithInvalidUsernameAndInvalidPassword" time="1.255"/>
  <testcase classname="testscripts.LoginTest" name="verifyUserLoginWithInvalidUsernameAndInvalidPassword" time="1.294"/>
  <testcase classname="testscripts.LoginTest" name="verifyUserLoginWithInvalidUsernameAndValidPassword" time="1.429"/>
  <testcase classname="testscripts.LoginTest" name="verifyUserLoginWithValidCredentials" time="3.932"/>
  <testcase classname="testscripts.LoginTest" name="verifyUserLoginWithValidUsernameAndInvalidPassword" time="4.503"/>
  <testcase classname="testscripts.SubCategoryTest" name="verifyUsercanSerachNonExistingSubCategory" time="9.007"/>
  <testcase classname="testscripts.SubCategoryTest" name="verifydeletesubcategorybutton" time="4.4"/>
  <testcase classname="testscripts.SubCategoryTest" name="verifyAddNewSubcategorywithValidDetails" time="27.731"/>
  <testcase classname="testscripts.SubCategoryTest" name="verifyStatusChange" time="8.124"/>
  <testcase classname="testscripts.CategoryTest" name="verifyAddCategorywithValidData" time="16.682"/>
  <testcase classname="testscripts.CategoryTest" name="verifyUsercanSearchNonExistingCategory" time="13.404"/>
  <testcase classname="testscripts.CategoryTest" name="verifydeletecategory" time="18.099"/>
  <testcase classname="testscripts.CategoryTest" name="verifyStatusButton" time="3.545"/>
  <testcase classname="testscripts.ManageContactTest" name="verifyeditManageContact" time="7.527"/>
</testsuite> <!-- myTest -->
