<?xml version="1.0" encoding="UTF-8"?>
<testng-results ignored="0" total="16" passed="16" failed="0" skipped="0">
  <reporter-output>
  </reporter-output>
  <suite started-at="2025-02-19T15:07:11 IST" name="myTestSuite" finished-at="2025-02-19T15:12:02 IST" duration-ms="291263">
    <groups>
      <group name="smoke">
        <method signature="LoginTest.verifyUserLoginWithInvalidUsernameAndValidPassword()[pri:0, instance:testscripts.LoginTest@7193666c]" name="verifyUserLoginWithInvalidUsernameAndValidPassword" class="testscripts.LoginTest"/>
        <method signature="LoginTest.verifyUserLoginWithValidUsernameAndInvalidPassword()[pri:0, instance:testscripts.LoginTest@7193666c]" name="verifyUserLoginWithValidUsernameAndInvalidPassword" class="testscripts.LoginTest"/>
      </group> <!-- smoke -->
    </groups>
    <test started-at="2025-02-19T15:07:11 IST" name="myTest" finished-at="2025-02-19T15:12:02 IST" duration-ms="291263">
      <class name="testscripts.ManageContactTest">
        <test-method is-config="true" signature="initialisebrowser(java.lang.String)[pri:0, instance:testscripts.ManageContactTest@7c729a55]" started-at="2025-02-19T15:11:49 IST" name="initialisebrowser" finished-at="2025-02-19T15:11:54 IST" duration-ms="5318" status="PASS">
          <params>
            <param index="0">
              <value>
                <![CDATA[Chrome]]>
              </value>
            </param>
          </params>
          <reporter-output>
          </reporter-output>
        </test-method> <!-- initialisebrowser -->
        <test-method signature="verifyeditManageContact()[pri:0, instance:testscripts.ManageContactTest@7c729a55]" started-at="2025-02-19T15:11:54 IST" name="verifyeditManageContact" finished-at="2025-02-19T15:12:02 IST" duration-ms="7527" status="PASS">
          <reporter-output>
          </reporter-output>
        </test-method> <!-- verifyeditManageContact -->
        <test-method is-config="true" signature="driverQuit(org.testng.ITestResult)[pri:0, instance:testscripts.ManageContactTest@7c729a55]" started-at="2025-02-19T15:12:02 IST" name="driverQuit" finished-at="2025-02-19T15:12:02 IST" duration-ms="1" status="PASS">
          <params>
            <param index="0">
              <value>
                <![CDATA[[TestResult name=verifyeditManageContact status=SUCCESS method=ManageContactTest.verifyeditManageContact()[pri:0, instance:testscripts.ManageContactTest@7c729a55] output={null}]]]>
              </value>
            </param>
          </params>
          <reporter-output>
          </reporter-output>
        </test-method> <!-- driverQuit -->
      </class> <!-- testscripts.ManageContactTest -->
      <class name="testscripts.CategoryTest">
        <test-method is-config="true" signature="initialisebrowser(java.lang.String)[pri:0, instance:testscripts.CategoryTest@47af7f3d]" started-at="2025-02-19T15:09:45 IST" name="initialisebrowser" finished-at="2025-02-19T15:09:59 IST" duration-ms="13334" status="PASS">
          <params>
            <param index="0">
              <value>
                <![CDATA[Chrome]]>
              </value>
            </param>
          </params>
          <reporter-output>
          </reporter-output>
        </test-method> <!-- initialisebrowser -->
        <test-method signature="verifyAddCategorywithValidData()[pri:0, instance:testscripts.CategoryTest@47af7f3d]" started-at="2025-02-19T15:09:59 IST" name="verifyAddCategorywithValidData" finished-at="2025-02-19T15:10:15 IST" duration-ms="16682" status="PASS">
          <reporter-output>
          </reporter-output>
        </test-method> <!-- verifyAddCategorywithValidData -->
        <test-method is-config="true" signature="driverQuit(org.testng.ITestResult)[pri:0, instance:testscripts.CategoryTest@47af7f3d]" started-at="2025-02-19T15:10:15 IST" name="driverQuit" finished-at="2025-02-19T15:10:15 IST" duration-ms="1" status="PASS">
          <params>
            <param index="0">
              <value>
                <![CDATA[[TestResult name=verifyAddCategorywithValidData status=SUCCESS method=CategoryTest.verifyAddCategorywithValidData()[pri:0, instance:testscripts.CategoryTest@47af7f3d] output={null}]]]>
              </value>
            </param>
          </params>
          <reporter-output>
          </reporter-output>
        </test-method> <!-- driverQuit -->
        <test-method is-config="true" signature="initialisebrowser(java.lang.String)[pri:0, instance:testscripts.CategoryTest@47af7f3d]" started-at="2025-02-19T15:10:15 IST" name="initialisebrowser" finished-at="2025-02-19T15:10:56 IST" duration-ms="40406" status="PASS">
          <params>
            <param index="0">
              <value>
                <![CDATA[Chrome]]>
              </value>
            </param>
          </params>
          <reporter-output>
          </reporter-output>
        </test-method> <!-- initialisebrowser -->
        <test-method signature="verifyUsercanSearchNonExistingCategory()[pri:0, instance:testscripts.CategoryTest@47af7f3d]" started-at="2025-02-19T15:10:56 IST" name="verifyUsercanSearchNonExistingCategory" finished-at="2025-02-19T15:11:09 IST" duration-ms="13404" status="PASS">
          <reporter-output>
          </reporter-output>
        </test-method> <!-- verifyUsercanSearchNonExistingCategory -->
        <test-method is-config="true" signature="driverQuit(org.testng.ITestResult)[pri:0, instance:testscripts.CategoryTest@47af7f3d]" started-at="2025-02-19T15:11:09 IST" name="driverQuit" finished-at="2025-02-19T15:11:09 IST" duration-ms="3" status="PASS">
          <params>
            <param index="0">
              <value>
                <![CDATA[[TestResult name=verifyUsercanSearchNonExistingCategory status=SUCCESS method=CategoryTest.verifyUsercanSearchNonExistingCategory()[pri:0, instance:testscripts.CategoryTest@47af7f3d] output={null}]]]>
              </value>
            </param>
          </params>
          <reporter-output>
          </reporter-output>
        </test-method> <!-- driverQuit -->
        <test-method is-config="true" signature="initialisebrowser(java.lang.String)[pri:0, instance:testscripts.CategoryTest@47af7f3d]" started-at="2025-02-19T15:11:09 IST" name="initialisebrowser" finished-at="2025-02-19T15:11:20 IST" duration-ms="10622" status="PASS">
          <params>
            <param index="0">
              <value>
                <![CDATA[Chrome]]>
              </value>
            </param>
          </params>
          <reporter-output>
          </reporter-output>
        </test-method> <!-- initialisebrowser -->
        <test-method signature="verifydeletecategory()[pri:0, instance:testscripts.CategoryTest@47af7f3d]" started-at="2025-02-19T15:11:20 IST" name="verifydeletecategory" finished-at="2025-02-19T15:11:38 IST" duration-ms="18099" status="PASS">
          <reporter-output>
          </reporter-output>
        </test-method> <!-- verifydeletecategory -->
        <test-method is-config="true" signature="driverQuit(org.testng.ITestResult)[pri:0, instance:testscripts.CategoryTest@47af7f3d]" started-at="2025-02-19T15:11:38 IST" name="driverQuit" finished-at="2025-02-19T15:11:38 IST" duration-ms="0" status="PASS">
          <params>
            <param index="0">
              <value>
                <![CDATA[[TestResult name=verifydeletecategory status=SUCCESS method=CategoryTest.verifydeletecategory()[pri:0, instance:testscripts.CategoryTest@47af7f3d] output={null}]]]>
              </value>
            </param>
          </params>
          <reporter-output>
          </reporter-output>
        </test-method> <!-- driverQuit -->
        <test-method is-config="true" signature="initialisebrowser(java.lang.String)[pri:0, instance:testscripts.CategoryTest@47af7f3d]" started-at="2025-02-19T15:11:38 IST" name="initialisebrowser" finished-at="2025-02-19T15:11:46 IST" duration-ms="7652" status="PASS">
          <params>
            <param index="0">
              <value>
                <![CDATA[Chrome]]>
              </value>
            </param>
          </params>
          <reporter-output>
          </reporter-output>
        </test-method> <!-- initialisebrowser -->
        <test-method signature="verifyStatusButton()[pri:0, instance:testscripts.CategoryTest@47af7f3d]" started-at="2025-02-19T15:11:46 IST" name="verifyStatusButton" finished-at="2025-02-19T15:11:49 IST" duration-ms="3545" status="PASS">
          <reporter-output>
          </reporter-output>
        </test-method> <!-- verifyStatusButton -->
        <test-method is-config="true" signature="driverQuit(org.testng.ITestResult)[pri:0, instance:testscripts.CategoryTest@47af7f3d]" started-at="2025-02-19T15:11:49 IST" name="driverQuit" finished-at="2025-02-19T15:11:49 IST" duration-ms="0" status="PASS">
          <params>
            <param index="0">
              <value>
                <![CDATA[[TestResult name=verifyStatusButton status=SUCCESS method=CategoryTest.verifyStatusButton()[pri:0, instance:testscripts.CategoryTest@47af7f3d] output={null}]]]>
              </value>
            </param>
          </params>
          <reporter-output>
          </reporter-output>
        </test-method> <!-- driverQuit -->
      </class> <!-- testscripts.CategoryTest -->
      <class name="testscripts.LoginTest">
        <test-method is-config="true" signature="initialisebrowser(java.lang.String)[pri:0, instance:testscripts.LoginTest@7193666c]" started-at="2025-02-19T15:07:11 IST" name="initialisebrowser" finished-at="2025-02-19T15:07:17 IST" duration-ms="6573" status="PASS">
          <params>
            <param index="0">
              <value>
                <![CDATA[Chrome]]>
              </value>
            </param>
          </params>
          <reporter-output>
          </reporter-output>
        </test-method> <!-- initialisebrowser -->
        <test-method signature="verifyUserLoginWithInvalidUsernameAndInvalidPassword(java.lang.String,java.lang.String)[pri:0, instance:testscripts.LoginTest@7193666c]" started-at="2025-02-19T15:07:17 IST" name="verifyUserLoginWithInvalidUsernameAndInvalidPassword" data-provider="dataprovider" finished-at="2025-02-19T15:07:20 IST" duration-ms="2132" status="PASS">
          <params>
            <param index="0">
              <value>
                <![CDATA[shena]]>
              </value>
            </param>
            <param index="1">
              <value>
                <![CDATA[hgh776]]>
              </value>
            </param>
          </params>
          <reporter-output>
          </reporter-output>
        </test-method> <!-- verifyUserLoginWithInvalidUsernameAndInvalidPassword -->
        <test-method is-config="true" signature="driverQuit(org.testng.ITestResult)[pri:0, instance:testscripts.LoginTest@7193666c]" started-at="2025-02-19T15:07:20 IST" name="driverQuit" finished-at="2025-02-19T15:07:20 IST" duration-ms="1" status="PASS">
          <params>
            <param index="0">
              <value>
                <![CDATA[[TestResult name=verifyUserLoginWithInvalidUsernameAndInvalidPassword status=SUCCESS method=LoginTest.verifyUserLoginWithInvalidUsernameAndInvalidPassword(java.lang.String,java.lang.String)[pri:0, instance:testscripts.LoginTest@7193666c] output={null}]]]>
              </value>
            </param>
          </params>
          <reporter-output>
          </reporter-output>
        </test-method> <!-- driverQuit -->
        <test-method is-config="true" signature="initialisebrowser(java.lang.String)[pri:0, instance:testscripts.LoginTest@7193666c]" started-at="2025-02-19T15:07:20 IST" name="initialisebrowser" finished-at="2025-02-19T15:07:25 IST" duration-ms="5408" status="PASS">
          <params>
            <param index="0">
              <value>
                <![CDATA[Chrome]]>
              </value>
            </param>
          </params>
          <reporter-output>
          </reporter-output>
        </test-method> <!-- initialisebrowser -->
        <test-method signature="verifyUserLoginWithInvalidUsernameAndInvalidPassword(java.lang.String,java.lang.String)[pri:0, instance:testscripts.LoginTest@7193666c]" started-at="2025-02-19T15:07:25 IST" name="verifyUserLoginWithInvalidUsernameAndInvalidPassword" data-provider="dataprovider" finished-at="2025-02-19T15:07:27 IST" duration-ms="1890" status="PASS">
          <params>
            <param index="0">
              <value>
                <![CDATA[hello]]>
              </value>
            </param>
            <param index="1">
              <value>
                <![CDATA[gvgh]]>
              </value>
            </param>
          </params>
          <reporter-output>
          </reporter-output>
        </test-method> <!-- verifyUserLoginWithInvalidUsernameAndInvalidPassword -->
        <test-method is-config="true" signature="driverQuit(org.testng.ITestResult)[pri:0, instance:testscripts.LoginTest@7193666c]" started-at="2025-02-19T15:07:27 IST" name="driverQuit" finished-at="2025-02-19T15:07:27 IST" duration-ms="0" status="PASS">
          <params>
            <param index="0">
              <value>
                <![CDATA[[TestResult name=verifyUserLoginWithInvalidUsernameAndInvalidPassword status=SUCCESS method=LoginTest.verifyUserLoginWithInvalidUsernameAndInvalidPassword(java.lang.String,java.lang.String)[pri:0, instance:testscripts.LoginTest@7193666c] output={null}]]]>
              </value>
            </param>
          </params>
          <reporter-output>
          </reporter-output>
        </test-method> <!-- driverQuit -->
        <test-method is-config="true" signature="initialisebrowser(java.lang.String)[pri:0, instance:testscripts.LoginTest@7193666c]" started-at="2025-02-19T15:07:27 IST" name="initialisebrowser" finished-at="2025-02-19T15:07:32 IST" duration-ms="5098" status="PASS">
          <params>
            <param index="0">
              <value>
                <![CDATA[Chrome]]>
              </value>
            </param>
          </params>
          <reporter-output>
          </reporter-output>
        </test-method> <!-- initialisebrowser -->
        <test-method signature="verifyUserLoginWithInvalidUsernameAndInvalidPassword(java.lang.String,java.lang.String)[pri:0, instance:testscripts.LoginTest@7193666c]" started-at="2025-02-19T15:07:32 IST" name="verifyUserLoginWithInvalidUsernameAndInvalidPassword" data-provider="dataprovider" finished-at="2025-02-19T15:07:33 IST" duration-ms="1255" status="PASS">
          <params>
            <param index="0">
              <value>
                <![CDATA[welc]]>
              </value>
            </param>
            <param index="1">
              <value>
                <![CDATA[jhj]]>
              </value>
            </param>
          </params>
          <reporter-output>
          </reporter-output>
        </test-method> <!-- verifyUserLoginWithInvalidUsernameAndInvalidPassword -->
        <test-method is-config="true" signature="driverQuit(org.testng.ITestResult)[pri:0, instance:testscripts.LoginTest@7193666c]" started-at="2025-02-19T15:07:33 IST" name="driverQuit" finished-at="2025-02-19T15:07:33 IST" duration-ms="1" status="PASS">
          <params>
            <param index="0">
              <value>
                <![CDATA[[TestResult name=verifyUserLoginWithInvalidUsernameAndInvalidPassword status=SUCCESS method=LoginTest.verifyUserLoginWithInvalidUsernameAndInvalidPassword(java.lang.String,java.lang.String)[pri:0, instance:testscripts.LoginTest@7193666c] output={null}]]]>
              </value>
            </param>
          </params>
          <reporter-output>
          </reporter-output>
        </test-method> <!-- driverQuit -->
        <test-method is-config="true" signature="initialisebrowser(java.lang.String)[pri:0, instance:testscripts.LoginTest@7193666c]" started-at="2025-02-19T15:07:33 IST" name="initialisebrowser" finished-at="2025-02-19T15:07:38 IST" duration-ms="4373" status="PASS">
          <params>
            <param index="0">
              <value>
                <![CDATA[Chrome]]>
              </value>
            </param>
          </params>
          <reporter-output>
          </reporter-output>
        </test-method> <!-- initialisebrowser -->
        <test-method signature="verifyUserLoginWithInvalidUsernameAndInvalidPassword(java.lang.String,java.lang.String)[pri:0, instance:testscripts.LoginTest@7193666c]" started-at="2025-02-19T15:07:38 IST" name="verifyUserLoginWithInvalidUsernameAndInvalidPassword" data-provider="dataprovider" finished-at="2025-02-19T15:07:39 IST" duration-ms="1294" status="PASS">
          <params>
            <param index="0">
              <value>
                <![CDATA[yam]]>
              </value>
            </param>
            <param index="1">
              <value>
                <![CDATA[hhgh]]>
              </value>
            </param>
          </params>
          <reporter-output>
          </reporter-output>
        </test-method> <!-- verifyUserLoginWithInvalidUsernameAndInvalidPassword -->
        <test-method is-config="true" signature="driverQuit(org.testng.ITestResult)[pri:0, instance:testscripts.LoginTest@7193666c]" started-at="2025-02-19T15:07:39 IST" name="driverQuit" finished-at="2025-02-19T15:07:39 IST" duration-ms="5" status="PASS">
          <params>
            <param index="0">
              <value>
                <![CDATA[[TestResult name=verifyUserLoginWithInvalidUsernameAndInvalidPassword status=SUCCESS method=LoginTest.verifyUserLoginWithInvalidUsernameAndInvalidPassword(java.lang.String,java.lang.String)[pri:0, instance:testscripts.LoginTest@7193666c] output={null}]]]>
              </value>
            </param>
          </params>
          <reporter-output>
          </reporter-output>
        </test-method> <!-- driverQuit -->
        <test-method is-config="true" signature="initialisebrowser(java.lang.String)[pri:0, instance:testscripts.LoginTest@7193666c]" started-at="2025-02-19T15:07:39 IST" name="initialisebrowser" finished-at="2025-02-19T15:07:49 IST" duration-ms="9685" status="PASS">
          <params>
            <param index="0">
              <value>
                <![CDATA[Chrome]]>
              </value>
            </param>
          </params>
          <reporter-output>
          </reporter-output>
        </test-method> <!-- initialisebrowser -->
        <test-method signature="verifyUserLoginWithInvalidUsernameAndValidPassword()[pri:0, instance:testscripts.LoginTest@7193666c]" started-at="2025-02-19T15:07:49 IST" name="verifyUserLoginWithInvalidUsernameAndValidPassword" finished-at="2025-02-19T15:07:50 IST" duration-ms="1429" status="PASS">
          <reporter-output>
          </reporter-output>
        </test-method> <!-- verifyUserLoginWithInvalidUsernameAndValidPassword -->
        <test-method is-config="true" signature="driverQuit(org.testng.ITestResult)[pri:0, instance:testscripts.LoginTest@7193666c]" started-at="2025-02-19T15:07:50 IST" name="driverQuit" finished-at="2025-02-19T15:07:50 IST" duration-ms="0" status="PASS">
          <params>
            <param index="0">
              <value>
                <![CDATA[[TestResult name=verifyUserLoginWithInvalidUsernameAndValidPassword status=SUCCESS method=LoginTest.verifyUserLoginWithInvalidUsernameAndValidPassword()[pri:0, instance:testscripts.LoginTest@7193666c] output={null}]]]>
              </value>
            </param>
          </params>
          <reporter-output>
          </reporter-output>
        </test-method> <!-- driverQuit -->
        <test-method is-config="true" signature="initialisebrowser(java.lang.String)[pri:0, instance:testscripts.LoginTest@7193666c]" started-at="2025-02-19T15:07:50 IST" name="initialisebrowser" finished-at="2025-02-19T15:07:55 IST" duration-ms="5468" status="PASS">
          <params>
            <param index="0">
              <value>
                <![CDATA[Chrome]]>
              </value>
            </param>
          </params>
          <reporter-output>
          </reporter-output>
        </test-method> <!-- initialisebrowser -->
        <test-method signature="verifyUserLoginWithValidCredentials()[pri:0, instance:testscripts.LoginTest@7193666c]" started-at="2025-02-19T15:07:55 IST" name="verifyUserLoginWithValidCredentials" finished-at="2025-02-19T15:07:59 IST" duration-ms="3932" status="PASS">
          <reporter-output>
          </reporter-output>
        </test-method> <!-- verifyUserLoginWithValidCredentials -->
        <test-method is-config="true" signature="driverQuit(org.testng.ITestResult)[pri:0, instance:testscripts.LoginTest@7193666c]" started-at="2025-02-19T15:07:59 IST" name="driverQuit" finished-at="2025-02-19T15:07:59 IST" duration-ms="0" status="PASS">
          <params>
            <param index="0">
              <value>
                <![CDATA[[TestResult name=verifyUserLoginWithValidCredentials status=SUCCESS method=LoginTest.verifyUserLoginWithValidCredentials()[pri:0, instance:testscripts.LoginTest@7193666c] output={null}]]]>
              </value>
            </param>
          </params>
          <reporter-output>
          </reporter-output>
        </test-method> <!-- driverQuit -->
        <test-method is-config="true" signature="initialisebrowser(java.lang.String)[pri:0, instance:testscripts.LoginTest@7193666c]" started-at="2025-02-19T15:07:59 IST" name="initialisebrowser" finished-at="2025-02-19T15:08:09 IST" duration-ms="9378" status="PASS">
          <params>
            <param index="0">
              <value>
                <![CDATA[Chrome]]>
              </value>
            </param>
          </params>
          <reporter-output>
          </reporter-output>
        </test-method> <!-- initialisebrowser -->
        <test-method signature="verifyUserLoginWithValidUsernameAndInvalidPassword()[pri:0, instance:testscripts.LoginTest@7193666c]" started-at="2025-02-19T15:08:09 IST" name="verifyUserLoginWithValidUsernameAndInvalidPassword" finished-at="2025-02-19T15:08:13 IST" duration-ms="4503" status="PASS">
          <reporter-output>
          </reporter-output>
        </test-method> <!-- verifyUserLoginWithValidUsernameAndInvalidPassword -->
        <test-method is-config="true" signature="driverQuit(org.testng.ITestResult)[pri:0, instance:testscripts.LoginTest@7193666c]" started-at="2025-02-19T15:08:13 IST" name="driverQuit" finished-at="2025-02-19T15:08:13 IST" duration-ms="1" status="PASS">
          <params>
            <param index="0">
              <value>
                <![CDATA[[TestResult name=verifyUserLoginWithValidUsernameAndInvalidPassword status=SUCCESS method=LoginTest.verifyUserLoginWithValidUsernameAndInvalidPassword()[pri:0, instance:testscripts.LoginTest@7193666c] output={null}]]]>
              </value>
            </param>
          </params>
          <reporter-output>
          </reporter-output>
        </test-method> <!-- driverQuit -->
      </class> <!-- testscripts.LoginTest -->
      <class name="testscripts.SubCategoryTest">
        <test-method is-config="true" signature="initialisebrowser(java.lang.String)[pri:0, instance:testscripts.SubCategoryTest@74e52303]" started-at="2025-02-19T15:08:13 IST" name="initialisebrowser" finished-at="2025-02-19T15:08:29 IST" duration-ms="15448" status="PASS">
          <params>
            <param index="0">
              <value>
                <![CDATA[Chrome]]>
              </value>
            </param>
          </params>
          <reporter-output>
          </reporter-output>
        </test-method> <!-- initialisebrowser -->
        <test-method signature="verifyUsercanSerachNonExistingSubCategory()[pri:0, instance:testscripts.SubCategoryTest@74e52303]" started-at="2025-02-19T15:08:29 IST" name="verifyUsercanSerachNonExistingSubCategory" finished-at="2025-02-19T15:08:38 IST" duration-ms="9007" status="PASS">
          <reporter-output>
          </reporter-output>
        </test-method> <!-- verifyUsercanSerachNonExistingSubCategory -->
        <test-method is-config="true" signature="driverQuit(org.testng.ITestResult)[pri:0, instance:testscripts.SubCategoryTest@74e52303]" started-at="2025-02-19T15:08:38 IST" name="driverQuit" finished-at="2025-02-19T15:08:38 IST" duration-ms="1" status="PASS">
          <params>
            <param index="0">
              <value>
                <![CDATA[[TestResult name=verifyUsercanSerachNonExistingSubCategory status=SUCCESS method=SubCategoryTest.verifyUsercanSerachNonExistingSubCategory()[pri:0, instance:testscripts.SubCategoryTest@74e52303] output={null}]]]>
              </value>
            </param>
          </params>
          <reporter-output>
          </reporter-output>
        </test-method> <!-- driverQuit -->
        <test-method is-config="true" signature="initialisebrowser(java.lang.String)[pri:0, instance:testscripts.SubCategoryTest@74e52303]" started-at="2025-02-19T15:08:38 IST" name="initialisebrowser" finished-at="2025-02-19T15:08:46 IST" duration-ms="8548" status="PASS">
          <params>
            <param index="0">
              <value>
                <![CDATA[Chrome]]>
              </value>
            </param>
          </params>
          <reporter-output>
          </reporter-output>
        </test-method> <!-- initialisebrowser -->
        <test-method signature="verifydeletesubcategorybutton()[pri:0, instance:testscripts.SubCategoryTest@74e52303]" started-at="2025-02-19T15:08:46 IST" name="verifydeletesubcategorybutton" finished-at="2025-02-19T15:08:51 IST" duration-ms="4400" status="PASS">
          <reporter-output>
          </reporter-output>
        </test-method> <!-- verifydeletesubcategorybutton -->
        <test-method is-config="true" signature="driverQuit(org.testng.ITestResult)[pri:0, instance:testscripts.SubCategoryTest@74e52303]" started-at="2025-02-19T15:08:51 IST" name="driverQuit" finished-at="2025-02-19T15:08:51 IST" duration-ms="1" status="PASS">
          <params>
            <param index="0">
              <value>
                <![CDATA[[TestResult name=verifydeletesubcategorybutton status=SUCCESS method=SubCategoryTest.verifydeletesubcategorybutton()[pri:0, instance:testscripts.SubCategoryTest@74e52303] output={null}]]]>
              </value>
            </param>
          </params>
          <reporter-output>
          </reporter-output>
        </test-method> <!-- driverQuit -->
        <test-method is-config="true" signature="initialisebrowser(java.lang.String)[pri:0, instance:testscripts.SubCategoryTest@74e52303]" started-at="2025-02-19T15:08:51 IST" name="initialisebrowser" finished-at="2025-02-19T15:08:57 IST" duration-ms="6164" status="PASS">
          <params>
            <param index="0">
              <value>
                <![CDATA[Chrome]]>
              </value>
            </param>
          </params>
          <reporter-output>
          </reporter-output>
        </test-method> <!-- initialisebrowser -->
        <test-method signature="verifyAddNewSubcategorywithValidDetails()[pri:0, instance:testscripts.SubCategoryTest@74e52303]" started-at="2025-02-19T15:08:57 IST" name="verifyAddNewSubcategorywithValidDetails" finished-at="2025-02-19T15:09:25 IST" duration-ms="27731" status="PASS">
          <reporter-output>
          </reporter-output>
        </test-method> <!-- verifyAddNewSubcategorywithValidDetails -->
        <test-method is-config="true" signature="driverQuit(org.testng.ITestResult)[pri:0, instance:testscripts.SubCategoryTest@74e52303]" started-at="2025-02-19T15:09:25 IST" name="driverQuit" finished-at="2025-02-19T15:09:25 IST" duration-ms="3" status="PASS">
          <params>
            <param index="0">
              <value>
                <![CDATA[[TestResult name=verifyAddNewSubcategorywithValidDetails status=SUCCESS method=SubCategoryTest.verifyAddNewSubcategorywithValidDetails()[pri:0, instance:testscripts.SubCategoryTest@74e52303] output={null}]]]>
              </value>
            </param>
          </params>
          <reporter-output>
          </reporter-output>
        </test-method> <!-- driverQuit -->
        <test-method is-config="true" signature="initialisebrowser(java.lang.String)[pri:0, instance:testscripts.SubCategoryTest@74e52303]" started-at="2025-02-19T15:09:25 IST" name="initialisebrowser" finished-at="2025-02-19T15:09:36 IST" duration-ms="11873" status="PASS">
          <params>
            <param index="0">
              <value>
                <![CDATA[Chrome]]>
              </value>
            </param>
          </params>
          <reporter-output>
          </reporter-output>
        </test-method> <!-- initialisebrowser -->
        <test-method signature="verifyStatusChange()[pri:0, instance:testscripts.SubCategoryTest@74e52303]" started-at="2025-02-19T15:09:36 IST" name="verifyStatusChange" finished-at="2025-02-19T15:09:45 IST" duration-ms="8124" status="PASS">
          <reporter-output>
          </reporter-output>
        </test-method> <!-- verifyStatusChange -->
        <test-method is-config="true" signature="driverQuit(org.testng.ITestResult)[pri:0, instance:testscripts.SubCategoryTest@74e52303]" started-at="2025-02-19T15:09:45 IST" name="driverQuit" finished-at="2025-02-19T15:09:45 IST" duration-ms="1" status="PASS">
          <params>
            <param index="0">
              <value>
                <![CDATA[[TestResult name=verifyStatusChange status=SUCCESS method=SubCategoryTest.verifyStatusChange()[pri:0, instance:testscripts.SubCategoryTest@74e52303] output={null}]]]>
              </value>
            </param>
          </params>
          <reporter-output>
          </reporter-output>
        </test-method> <!-- driverQuit -->
      </class> <!-- testscripts.SubCategoryTest -->
    </test> <!-- myTest -->
  </suite> <!-- myTestSuite -->
</testng-results>
