<?xml version="1.0" encoding="UTF-8"?>
<!-- Generated by org.testng.reporters.JUnitXMLReporter -->
<testsuite ignored="2" hostname="LAPTOP-5SMNA8RP" failures="0" tests="1" name="myTest2" time="9.314" errors="0" timestamp="2025-02-12T23:57:07 IST">
  <testcase classname="testscripts.CategoryTest" name="verifyAddCategorywithValidData" time="4.559"/>
  <testcase classname="testscripts.CategoryTest" name="verifySearchCategoryButton" time="0.0">
    <ignored/>
  </testcase> <!-- verifySearchCategoryButton -->
  <testcase classname="testscripts.CategoryTest" name="deletecategory" time="0.0">
    <ignored/>
  </testcase> <!-- deletecategory -->
</testsuite> <!-- myTest2 -->
