<?xml version="1.0" encoding="UTF-8"?>
<!-- Generated by org.testng.reporters.JUnitXMLReporter -->
<testsuite ignored="2" hostname="LAPTOP-5SMNA8RP" failures="0" tests="1" name="myTest1" time="28.232" errors="0" timestamp="2025-02-12T23:57:26 IST">
  <testcase classname="testscripts.SubCategoryTest" name="verifyableToSearchUsingSearchButton" time="1.918"/>
  <testcase classname="testscripts.SubCategoryTest" name="verifyAddNewSubcategorywithValidDetails" time="0.0">
    <ignored/>
  </testcase> <!-- verifyAddNewSubcategorywithValidDetails -->
  <testcase classname="testscripts.SubCategoryTest" name="verifydeletesubcategorybutton" time="0.0">
    <ignored/>
  </testcase> <!-- verifydeletesubcategorybutton -->
</testsuite> <!-- myTest1 -->
