<?xml version="1.0" encoding="UTF-8"?>
<!-- Generated by org.testng.reporters.JUnitXMLReporter -->
<testsuite ignored="0" hostname="LAPTOP-5SMNA8RP" failures="0" tests="5" name="myTest" time="31.173" errors="0" timestamp="2025-02-18T23:28:56 IST">
  <testcase classname="testscripts.CategoryTest" name="verifyAddCategorywithValidData" time="2.716"/>
  <testcase classname="testscripts.CategoryTest" name="verifyUsercanSearchNonExistingCategory" time="2.079"/>
  <testcase classname="testscripts.CategoryTest" name="verifydeletecategory" time="2.538"/>
  <testcase classname="testscripts.CategoryTest" name="verifyStatusButton" time="3.275"/>
  <testcase classname="testscripts.ManageContactTest" name="verifyeditManageContact" time="5.519"/>
</testsuite> <!-- myTest -->
